LINE 641 : 2022-06-06 14:36:32,486 [INFO    ] Parsing data files for ssGSEA...........................
LINE 579 : 2022-06-06 14:36:32,490 [DEBUG   ] Input data is a DataFrame with gene names
LINE 608 : 2022-06-06 14:36:32,493 [WARNING ] Warning: dropping duplicated gene names, only keep the first values
LINE 138 : 2022-06-06 14:36:35,766 [INFO    ] 0000 gene_sets have been filtered out when max_size=2000 and min_size=1
LINE 648 : 2022-06-06 14:36:35,766 [INFO    ] 0003 gene_sets used for further statistical testing.....
LINE 652 : 2022-06-06 14:36:35,766 [INFO    ] Start to run ssGSEA...Might take a while................
LINE 744 : 2022-06-06 14:37:16,435 [INFO    ] Calculate Enrichment Score for Sample: GSM271511 
LINE 744 : 2022-06-06 14:37:16,437 [INFO    ] Calculate Enrichment Score for Sample: GSM271512 
LINE 744 : 2022-06-06 14:37:16,437 [INFO    ] Calculate Enrichment Score for Sample: GSM271513 
LINE 744 : 2022-06-06 14:37:16,438 [INFO    ] Calculate Enrichment Score for Sample: GSM271514 
LINE 744 : 2022-06-06 14:37:16,438 [INFO    ] Calculate Enrichment Score for Sample: GSM271515 
LINE 744 : 2022-06-06 14:37:16,438 [INFO    ] Calculate Enrichment Score for Sample: GSM271516 
LINE 744 : 2022-06-06 14:37:16,439 [INFO    ] Calculate Enrichment Score for Sample: GSM271517 
LINE 744 : 2022-06-06 14:37:16,439 [INFO    ] Calculate Enrichment Score for Sample: GSM271518 
LINE 744 : 2022-06-06 14:37:16,439 [INFO    ] Calculate Enrichment Score for Sample: GSM271519 
LINE 744 : 2022-06-06 14:37:16,440 [INFO    ] Calculate Enrichment Score for Sample: GSM271520 
LINE 744 : 2022-06-06 14:37:16,440 [INFO    ] Calculate Enrichment Score for Sample: GSM271521 
LINE 744 : 2022-06-06 14:37:16,440 [INFO    ] Calculate Enrichment Score for Sample: GSM271522 
LINE 744 : 2022-06-06 14:37:16,441 [INFO    ] Calculate Enrichment Score for Sample: GSM271523 
LINE 744 : 2022-06-06 14:37:16,441 [INFO    ] Calculate Enrichment Score for Sample: GSM271524 
LINE 744 : 2022-06-06 14:37:16,442 [INFO    ] Calculate Enrichment Score for Sample: GSM271525 
LINE 744 : 2022-06-06 14:37:16,442 [INFO    ] Calculate Enrichment Score for Sample: GSM271526 
LINE 744 : 2022-06-06 14:37:16,443 [INFO    ] Calculate Enrichment Score for Sample: GSM271527 
LINE 744 : 2022-06-06 14:37:16,443 [INFO    ] Calculate Enrichment Score for Sample: GSM271528 
LINE 744 : 2022-06-06 14:37:16,444 [INFO    ] Calculate Enrichment Score for Sample: GSM271529 
LINE 744 : 2022-06-06 14:37:16,444 [INFO    ] Calculate Enrichment Score for Sample: GSM271530 
LINE 744 : 2022-06-06 14:37:16,444 [INFO    ] Calculate Enrichment Score for Sample: GSM271531 
LINE 744 : 2022-06-06 14:37:16,445 [INFO    ] Calculate Enrichment Score for Sample: GSM271532 
LINE 744 : 2022-06-06 14:37:16,445 [INFO    ] Calculate Enrichment Score for Sample: GSM271533 
LINE 744 : 2022-06-06 14:37:16,445 [INFO    ] Calculate Enrichment Score for Sample: GSM271534 
LINE 744 : 2022-06-06 14:37:16,446 [INFO    ] Calculate Enrichment Score for Sample: GSM271535 
LINE 744 : 2022-06-06 14:37:16,446 [INFO    ] Calculate Enrichment Score for Sample: GSM271536 
LINE 744 : 2022-06-06 14:37:16,446 [INFO    ] Calculate Enrichment Score for Sample: GSM271537 
LINE 744 : 2022-06-06 14:37:16,447 [INFO    ] Calculate Enrichment Score for Sample: GSM271538 
LINE 744 : 2022-06-06 14:37:16,447 [INFO    ] Calculate Enrichment Score for Sample: GSM271539 
LINE 744 : 2022-06-06 14:37:16,448 [INFO    ] Calculate Enrichment Score for Sample: GSM271540 
LINE 744 : 2022-06-06 14:37:16,448 [INFO    ] Calculate Enrichment Score for Sample: GSM271541 
LINE 744 : 2022-06-06 14:37:16,448 [INFO    ] Calculate Enrichment Score for Sample: GSM271542 
LINE 744 : 2022-06-06 14:37:16,449 [INFO    ] Calculate Enrichment Score for Sample: GSM271543 
LINE 744 : 2022-06-06 14:37:16,449 [INFO    ] Calculate Enrichment Score for Sample: GSM271544 
LINE 744 : 2022-06-06 14:37:16,449 [INFO    ] Calculate Enrichment Score for Sample: GSM271545 
LINE 744 : 2022-06-06 14:37:16,450 [INFO    ] Calculate Enrichment Score for Sample: GSM271546 
LINE 744 : 2022-06-06 14:37:16,450 [INFO    ] Calculate Enrichment Score for Sample: GSM271547 
LINE 744 : 2022-06-06 14:37:16,450 [INFO    ] Calculate Enrichment Score for Sample: GSM271548 
LINE 744 : 2022-06-06 14:37:16,451 [INFO    ] Calculate Enrichment Score for Sample: GSM271549 
LINE 744 : 2022-06-06 14:37:16,451 [INFO    ] Calculate Enrichment Score for Sample: GSM271550 
LINE 744 : 2022-06-06 14:37:16,451 [INFO    ] Calculate Enrichment Score for Sample: GSM271551 
LINE 744 : 2022-06-06 14:37:16,452 [INFO    ] Calculate Enrichment Score for Sample: GSM271552 
LINE 744 : 2022-06-06 14:37:16,452 [INFO    ] Calculate Enrichment Score for Sample: GSM271553 
LINE 744 : 2022-06-06 14:37:16,452 [INFO    ] Calculate Enrichment Score for Sample: GSM271554 
LINE 744 : 2022-06-06 14:37:16,453 [INFO    ] Calculate Enrichment Score for Sample: GSM271555 
LINE 744 : 2022-06-06 14:37:16,453 [INFO    ] Calculate Enrichment Score for Sample: GSM271556 
LINE 744 : 2022-06-06 14:37:16,453 [INFO    ] Calculate Enrichment Score for Sample: GSM271557 
LINE 744 : 2022-06-06 14:37:16,454 [INFO    ] Calculate Enrichment Score for Sample: GSM271558 
LINE 744 : 2022-06-06 14:37:16,454 [INFO    ] Calculate Enrichment Score for Sample: GSM271559 
LINE 744 : 2022-06-06 14:37:16,454 [INFO    ] Calculate Enrichment Score for Sample: GSM271560 
LINE 744 : 2022-06-06 14:37:16,454 [INFO    ] Calculate Enrichment Score for Sample: GSM271561 
LINE 744 : 2022-06-06 14:37:16,455 [INFO    ] Calculate Enrichment Score for Sample: GSM271562 
LINE 744 : 2022-06-06 14:37:16,455 [INFO    ] Calculate Enrichment Score for Sample: GSM271563 
LINE 744 : 2022-06-06 14:37:16,456 [INFO    ] Calculate Enrichment Score for Sample: GSM271564 
LINE 744 : 2022-06-06 14:37:16,456 [INFO    ] Calculate Enrichment Score for Sample: GSM271565 
LINE 744 : 2022-06-06 14:37:16,456 [INFO    ] Calculate Enrichment Score for Sample: GSM271566 
LINE 744 : 2022-06-06 14:37:16,457 [INFO    ] Calculate Enrichment Score for Sample: GSM271567 
LINE 744 : 2022-06-06 14:37:16,457 [INFO    ] Calculate Enrichment Score for Sample: GSM271568 
LINE 744 : 2022-06-06 14:37:16,458 [INFO    ] Calculate Enrichment Score for Sample: GSM271569 
LINE 744 : 2022-06-06 14:37:16,458 [INFO    ] Calculate Enrichment Score for Sample: GSM271570 
LINE 744 : 2022-06-06 14:37:16,458 [INFO    ] Calculate Enrichment Score for Sample: GSM271571 
LINE 744 : 2022-06-06 14:37:16,459 [INFO    ] Calculate Enrichment Score for Sample: GSM271572 
LINE 744 : 2022-06-06 14:37:16,459 [INFO    ] Calculate Enrichment Score for Sample: GSM271573 
LINE 744 : 2022-06-06 14:37:16,460 [INFO    ] Calculate Enrichment Score for Sample: GSM271574 
LINE 744 : 2022-06-06 14:37:16,461 [INFO    ] Calculate Enrichment Score for Sample: GSM271575 
LINE 744 : 2022-06-06 14:37:16,461 [INFO    ] Calculate Enrichment Score for Sample: GSM271576 
LINE 744 : 2022-06-06 14:37:16,462 [INFO    ] Calculate Enrichment Score for Sample: GSM271577 
LINE 744 : 2022-06-06 14:37:16,463 [INFO    ] Calculate Enrichment Score for Sample: GSM271578 
LINE 744 : 2022-06-06 14:37:16,463 [INFO    ] Calculate Enrichment Score for Sample: GSM271579 
LINE 744 : 2022-06-06 14:37:16,464 [INFO    ] Calculate Enrichment Score for Sample: GSM271580 
LINE 744 : 2022-06-06 14:37:16,464 [INFO    ] Calculate Enrichment Score for Sample: GSM271581 
LINE 744 : 2022-06-06 14:37:16,465 [INFO    ] Calculate Enrichment Score for Sample: GSM271582 
LINE 744 : 2022-06-06 14:37:16,465 [INFO    ] Calculate Enrichment Score for Sample: GSM271583 
LINE 744 : 2022-06-06 14:37:16,466 [INFO    ] Calculate Enrichment Score for Sample: GSM271584 
LINE 744 : 2022-06-06 14:37:16,467 [INFO    ] Calculate Enrichment Score for Sample: GSM271585 
LINE 744 : 2022-06-06 14:37:16,467 [INFO    ] Calculate Enrichment Score for Sample: GSM271586 
LINE 744 : 2022-06-06 14:37:16,468 [INFO    ] Calculate Enrichment Score for Sample: GSM271587 
LINE 744 : 2022-06-06 14:37:16,469 [INFO    ] Calculate Enrichment Score for Sample: GSM271588 
LINE 744 : 2022-06-06 14:37:16,469 [INFO    ] Calculate Enrichment Score for Sample: GSM271589 
LINE 744 : 2022-06-06 14:37:16,470 [INFO    ] Calculate Enrichment Score for Sample: GSM271590 
LINE 744 : 2022-06-06 14:37:16,470 [INFO    ] Calculate Enrichment Score for Sample: GSM271591 
LINE 744 : 2022-06-06 14:37:16,471 [INFO    ] Calculate Enrichment Score for Sample: GSM271592 
LINE 744 : 2022-06-06 14:37:16,471 [INFO    ] Calculate Enrichment Score for Sample: GSM271593 
LINE 744 : 2022-06-06 14:37:16,472 [INFO    ] Calculate Enrichment Score for Sample: GSM271594 
LINE 744 : 2022-06-06 14:37:16,472 [INFO    ] Calculate Enrichment Score for Sample: GSM271595 
LINE 744 : 2022-06-06 14:37:16,473 [INFO    ] Calculate Enrichment Score for Sample: GSM271596 
LINE 744 : 2022-06-06 14:37:16,473 [INFO    ] Calculate Enrichment Score for Sample: GSM271597 
LINE 744 : 2022-06-06 14:37:16,474 [INFO    ] Calculate Enrichment Score for Sample: GSM271598 
LINE 744 : 2022-06-06 14:37:16,474 [INFO    ] Calculate Enrichment Score for Sample: GSM271599 
LINE 744 : 2022-06-06 14:37:16,475 [INFO    ] Calculate Enrichment Score for Sample: GSM271600 
LINE 744 : 2022-06-06 14:37:16,476 [INFO    ] Calculate Enrichment Score for Sample: GSM271601 
LINE 744 : 2022-06-06 14:37:16,476 [INFO    ] Calculate Enrichment Score for Sample: GSM271602 
LINE 744 : 2022-06-06 14:37:16,477 [INFO    ] Calculate Enrichment Score for Sample: GSM271603 
LINE 744 : 2022-06-06 14:37:16,477 [INFO    ] Calculate Enrichment Score for Sample: GSM271604 
LINE 744 : 2022-06-06 14:37:16,478 [INFO    ] Calculate Enrichment Score for Sample: GSM271605 
LINE 744 : 2022-06-06 14:37:16,479 [INFO    ] Calculate Enrichment Score for Sample: GSM271606 
LINE 744 : 2022-06-06 14:37:16,479 [INFO    ] Calculate Enrichment Score for Sample: GSM271607 
LINE 744 : 2022-06-06 14:37:16,480 [INFO    ] Calculate Enrichment Score for Sample: GSM271608 
LINE 778 : 2022-06-06 14:37:16,491 [INFO    ] Congratulations. GSEApy runs successfully................

